<?xml version="1.0" encoding="UTF-8"?>
<!-- Generated by org.testng.reporters.JUnitXMLReporter -->
<testsuite hostname="mipladmin" ignored="0" name="Banking ApplicationTest2" tests="1" failures="0" timestamp="01 Nov 2018 07:33:54 GMT" time="0.368" errors="0">
  <testcase name="@BeforeClass Setup" time="0.11" classname="com.InetBanking.TestCases.TestBase">
    <failure type="java.lang.IllegalStateException" message="The driver executable does not exist: /home/midt-060/Documents/Automation-Scripts/InetBanking/Drivers/geckodriver">
      <![CDATA[java.lang.IllegalStateException: The driver executable does not exist: /home/midt-060/Documents/Automation-Scripts/InetBanking/Drivers/geckodriver
at com.google.common.base.Preconditions.checkState(Preconditions.java:585)
at org.openqa.selenium.remote.service.DriverService.checkExecutable(DriverService.java:136)
at org.openqa.selenium.remote.service.DriverService.findExecutable(DriverService.java:131)
at org.openqa.selenium.firefox.GeckoDriverService.access$100(GeckoDriverService.java:41)
at org.openqa.selenium.firefox.GeckoDriverService$Builder.findDefaultExecutable(GeckoDriverService.java:141)
at org.openqa.selenium.remote.service.DriverService$Builder.build(DriverService.java:339)
at org.openqa.selenium.firefox.FirefoxDriver.toExecutor(FirefoxDriver.java:158)
at org.openqa.selenium.firefox.FirefoxDriver.<init>(FirefoxDriver.java:120)
at org.openqa.selenium.firefox.FirefoxDriver.<init>(FirefoxDriver.java:98)
at com.InetBanking.TestCases.TestBase.Setup(TestBase.java:59)
... Removed 26 stack frames]]>
    </failure>
  </testcase> <!-- @BeforeClass Setup -->
  <testcase name="@AfterClass teardown" time="0.0" classname="com.InetBanking.TestCases.TestBase">
    <skipped/>
  </testcase> <!-- @AfterClass teardown -->
  <testcase name="IsLogedIn" time="0.0" classname="com.InetBanking.TestCases.Tc_LoginTest_001">
    <skipped/>
  </testcase> <!-- IsLogedIn -->
</testsuite> <!-- Banking ApplicationTest2 -->
